<?xml version="1.0" encoding="UTF-8" ?>
<testsuite failures="0" time="5.588" errors="0" skipped="0" tests="3" name="com.simpleblog.service.MemberServiceTest">
  <properties>
[...]
</properties>
  <testcase time="5.432" classname="com.simpleblog.service.MemberServiceTest" name="testUpdateMember"/>
  <testcase time="0.072" classname="com.simpleblog.service.MemberServiceTest" name="testDeleteMember"/>
  <testcase time="0.084" classname="com.simpleblog.service.MemberServiceTest" name="testSaveMember"/>
</testsuite>